# JRE version: OpenJDK Runtime Environment (11.0.8+10) (build 11.0.8+10-post-Ubuntu-0ubuntu118.04.1)
# Java VM: OpenJDK 64-Bit Server VM (11.0.8+10-post-Ubuntu-0ubuntu118.04.1, mixed mode, sharing, tiered, compressed oops, g1 gc, linux-amd64)
Heap:
 garbage-first heap   total 55296K, used 48503K [0x00000000e0000000, 0x0000000100000000)
  region size 1024K, 2 young (2048K), 1 survivors (1024K)
 Metaspace       used 9285K, capacity 9643K, committed 9856K, reserved 1058816K
  class space    used 954K, capacity 1092K, committed 1152K, reserved 1048576K
GC Heap History (16 events):
Event: 154.260 GC heap before
{Heap before GC invocations=0 (full 0):
 garbage-first heap   total 524288K, used 20164K [0x00000000e0000000, 0x0000000100000000)
  region size 1024K, 20 young (20480K), 0 survivors (0K)
 Metaspace       used 8982K, capacity 9316K, committed 9600K, reserved 1058816K
  class space    used 950K, capacity 1091K, committed 1152K, reserved 1048576K
}
Event: 154.276 GC heap after
{Heap after GC invocations=1 (full 1):
 garbage-first heap   total 48128K, used 4727K [0x00000000e0000000, 0x0000000100000000)
  region size 1024K, 0 young (0K), 0 survivors (0K)
 Metaspace       used 8982K, capacity 9316K, committed 9600K, reserved 1058816K
  class space    used 950K, capacity 1091K, committed 1152K, reserved 1048576K
}
Event: 154.277 GC heap before
{Heap before GC invocations=1 (full 1):
 garbage-first heap   total 48128K, used 4727K [0x00000000e0000000, 0x0000000100000000)
  region size 1024K, 1 young (1024K), 0 survivors (0K)
 Metaspace       used 8983K, capacity 9316K, committed 9600K, reserved 1058816K
  class space    used 950K, capacity 1091K, committed 1152K, reserved 1048576K
}
Event: 154.278 GC heap after
{Heap after GC invocations=2 (full 1):
 garbage-first heap   total 48128K, used 4740K [0x00000000e0000000, 0x0000000100000000)
  region size 1024K, 1 young (1024K), 1 survivors (1024K)
 Metaspace       used 8983K, capacity 9316K, committed 9600K, reserved 1058816K
  class space    used 950K, capacity 1091K, committed 1152K, reserved 1048576K
}
Event: 155.943 GC heap before
{Heap before GC invocations=3 (full 1):
 garbage-first heap   total 100352K, used 60036K [0x00000000e0000000, 0x0000000100000000)
  region size 1024K, 6 young (6144K), 1 survivors (1024K)
 Metaspace       used 9039K, capacity 9386K, committed 9600K, reserved 1058816K
  class space    used 950K, capacity 1092K, committed 1152K, reserved 1048576K
}
Event: 155.962 GC heap after
{Heap after GC invocations=4 (full 2):
 garbage-first heap   total 24576K, used 4286K [0x00000000e0000000, 0x0000000100000000)
  region size 1024K, 0 young (0K), 0 survivors (0K)
 Metaspace       used 9039K, capacity 9386K, committed 9600K, reserved 1058816K
  class space    used 950K, capacity 1092K, committed 1152K, reserved 1048576K
}
Event: 155.962 GC heap before
{Heap before GC invocations=4 (full 2):
 garbage-first heap   total 24576K, used 4286K [0x00000000e0000000, 0x0000000100000000)
  region size 1024K, 1 young (1024K), 0 survivors (0K)
 Metaspace       used 9039K, capacity 9386K, committed 9600K, reserved 1058816K
  class space    used 950K, capacity 1092K, committed 1152K, reserved 1048576K
}
Event: 155.963 GC heap after
{Heap after GC invocations=5 (full 2):
 garbage-first heap   total 24576K, used 4288K [0x00000000e0000000, 0x0000000100000000)
  region size 1024K, 1 young (1024K), 1 survivors (1024K)
 Metaspace       used 9039K, capacity 9386K, committed 9600K, reserved 1058816K
  class space    used 950K, capacity 1092K, committed 1152K, reserved 1048576K
}
Event: 155.980 GC heap before
{Heap before GC invocations=6 (full 2):
 garbage-first heap   total 29696K, used 22720K [0x00000000e0000000, 0x0000000100000000)
  region size 1024K, 1 young (1024K), 1 survivors (1024K)
 Metaspace       used 9039K, capacity 9386K, committed 9600K, reserved 1058816K
  class space    used 950K, capacity 1092K, committed 1152K, reserved 1048576K
}
Event: 155.981 GC heap after
{Heap after GC invocations=7 (full 2):
 garbage-first heap   total 29696K, used 22720K [0x00000000e0000000, 0x0000000100000000)
  region size 1024K, 1 young (1024K), 1 survivors (1024K)
 Metaspace       used 9039K, capacity 9386K, committed 9600K, reserved 1058816K
  class space    used 950K, capacity 1092K, committed 1152K, reserved 1048576K
}
Event: 155.997 GC heap before
{Heap before GC invocations=8 (full 2):
 garbage-first heap   total 50176K, used 43200K [0x00000000e0000000, 0x0000000100000000)
  region size 1024K, 1 young (1024K), 1 survivors (1024K)
 Metaspace       used 9039K, capacity 9386K, committed 9600K, reserved 1058816K
  class space    used 950K, capacity 1092K, committed 1152K, reserved 1048576K
}
Event: 155.998 GC heap after
{Heap after GC invocations=9 (full 2):
 garbage-first heap   total 50176K, used 43200K [0x00000000e0000000, 0x0000000100000000)
  region size 1024K, 1 young (1024K), 1 survivors (1024K)
 Metaspace       used 9039K, capacity 9386K, committed 9600K, reserved 1058816K
  class space    used 950K, capacity 1092K, committed 1152K, reserved 1048576K
}
Event: 156.057 GC heap before
{Heap before GC invocations=10 (full 2):
 garbage-first heap   total 55296K, used 50368K [0x00000000e0000000, 0x0000000100000000)
  region size 1024K, 3 young (3072K), 1 survivors (1024K)
 Metaspace       used 9285K, capacity 9643K, committed 9856K, reserved 1058816K
  class space    used 954K, capacity 1092K, committed 1152K, reserved 1048576K
}
Event: 156.058 GC heap after
{Heap after GC invocations=11 (full 2):
 garbage-first heap   total 55296K, used 48440K [0x00000000e0000000, 0x0000000100000000)
  region size 1024K, 1 young (1024K), 1 survivors (1024K)
 Metaspace       used 9285K, capacity 9643K, committed 9856K, reserved 1058816K
  class space    used 954K, capacity 1092K, committed 1152K, reserved 1048576K
}
Event: 156.067 GC heap before
{Heap before GC invocations=11 (full 2):
 garbage-first heap   total 55296K, used 49464K [0x00000000e0000000, 0x0000000100000000)
  region size 1024K, 2 young (2048K), 1 survivors (1024K)
 Metaspace       used 9285K, capacity 9643K, committed 9856K, reserved 1058816K
  class space    used 954K, capacity 1092K, committed 1152K, reserved 1048576K
}
Event: 156.068 GC heap after
{Heap after GC invocations=12 (full 2):
 garbage-first heap   total 55296K, used 48503K [0x00000000e0000000, 0x0000000100000000)
  region size 1024K, 1 young (1024K), 1 survivors (1024K)
 Metaspace       used 9285K, capacity 9643K, committed 9856K, reserved 1058816K
  class space    used 954K, capacity 1092K, committed 1152K, reserved 1048576K
}

